2024/11/28 18:27:53 service.go:27: CreateBookmark called with URL: https://github.com
2024/11/28 18:27:53 service.go:89: Attempting to create bookmark in repository: &{ID:0 URL:https://github.com Title:Example Site Description:An github website Tags:[github test] CreatedAt:0001-01-01 00:00:00 +0000 UTC UpdatedAt:0001-01-01 00:00:00 +0000 UTC}
2024/11/28 18:27:53 service.go:96: Bookmark successfully created with ID: 1
2024/11/28 18:27:54 purge.go:10: Starting PurgeBookmarks process
2024/11/28 18:27:54 purge.go:38: Successfully purged 1 bookmarks
2024/11/28 18:27:55 import.go:168: Starting ImportFromHTML process
2024/11/28 18:27:55 import.go:174: Read 281 bytes of HTML content
2024/11/28 18:27:55 import.go:181: Successfully parsed HTML content
2024/11/28 18:27:55 import.go:227: Found 1 unique bookmarks to import
2024/11/28 18:27:55 service.go:27: CreateBookmark called with URL: https://github.com
2024/11/28 18:27:55 service.go:53: Fetching page content for metadata
2024/11/28 18:27:55 service.go:89: Attempting to create bookmark in repository: &{ID:0 URL:https://github.com Title:Updated github Site Description: Tags:[] CreatedAt:2024-11-28 18:27:53 +0800 +08 UpdatedAt:0001-01-01 00:00:00 +0000 UTC}
2024/11/28 18:27:55 service.go:96: Bookmark successfully created with ID: 1
2024/11/28 18:27:55 import.go:289: Import summary: 1 records created, 0 errors
2024/11/28 18:27:55 import.go:304: Total records in database after import: 1
2024/11/28 18:27:55 import.go:310: Starting ImportFromText process
2024/11/28 18:27:55 import.go:342: Found 8 unique bookmarks to import
2024/11/28 18:27:55 service.go:27: CreateBookmark called with URL: https://www.theblondeabroad.com/ultimate-japan-travel-guide/
2024/11/28 18:27:55 service.go:27: CreateBookmark called with URL: https://www.neverendingfootsteps.com/japan-travel-guide/
2024/11/28 18:27:55 service.go:27: CreateBookmark called with URL: https://www.youcouldtravel.com/travel-blog/japan-travel-blog
2024/11/28 18:27:55 service.go:27: CreateBookmark called with URL: https://alittleadrift.com/countries/traveling-japan/
2024/11/28 18:27:55 service.go:53: Fetching page content for metadata
2024/11/28 18:27:55 service.go:27: CreateBookmark called with URL: https://www.theinvisibletourist.com/best-japan-travel-books-guide/
2024/11/28 18:27:55 service.go:89: Attempting to create bookmark in repository: &{ID:0 URL:https://www.theblondeabroad.com/ultimate-japan-travel-guide/ Title:Imported from Text Description: Tags:[] CreatedAt:2024-11-28 18:27:55.245151 +0800 +08 m=+0.023250050 UpdatedAt:0001-01-01 00:00:00 +0000 UTC}
2024/11/28 18:27:55 service.go:53: Fetching page content for metadata
2024/11/28 18:27:55 service.go:89: Attempting to create bookmark in repository: &{ID:0 URL:https://www.theinvisibletourist.com/best-japan-travel-books-guide/ Title:Imported from Text Description: Tags:[] CreatedAt:2024-11-28 18:27:55.245149 +0800 +08 m=+0.023247851 UpdatedAt:0001-01-01 00:00:00 +0000 UTC}
2024/11/28 18:27:55 service.go:53: Fetching page content for metadata
2024/11/28 18:27:55 service.go:89: Attempting to create bookmark in repository: &{ID:0 URL:https://www.neverendingfootsteps.com/japan-travel-guide/ Title:Imported from Text Description: Tags:[] CreatedAt:2024-11-28 18:27:55.24515 +0800 +08 m=+0.023248899 UpdatedAt:0001-01-01 00:00:00 +0000 UTC}
2024/11/28 18:27:55 service.go:53: Fetching page content for metadata
2024/11/28 18:27:55 service.go:89: Attempting to create bookmark in repository: &{ID:0 URL:https://www.youcouldtravel.com/travel-blog/japan-travel-blog Title:Imported from Text Description: Tags:[] CreatedAt:2024-11-28 18:27:55.24515 +0800 +08 m=+0.023249366 UpdatedAt:0001-01-01 00:00:00 +0000 UTC}
2024/11/28 18:27:55 service.go:53: Fetching page content for metadata
2024/11/28 18:27:55 service.go:89: Attempting to create bookmark in repository: &{ID:0 URL:https://alittleadrift.com/countries/traveling-japan/ Title:Imported from Text Description: Tags:[] CreatedAt:2024-11-28 18:27:55.245151 +0800 +08 m=+0.023249772 UpdatedAt:0001-01-01 00:00:00 +0000 UTC}
2024/11/28 18:27:55 service.go:96: Bookmark successfully created with ID: 2
2024/11/28 18:27:55 service.go:27: CreateBookmark called with URL: https://vidalingua.com/blog/top-travel-blogs-japan
2024/11/28 18:27:55 service.go:53: Fetching page content for metadata
2024/11/28 18:27:55 service.go:89: Attempting to create bookmark in repository: &{ID:0 URL:https://vidalingua.com/blog/top-travel-blogs-japan Title:Imported from Text Description: Tags:[] CreatedAt:2024-11-28 18:27:55.245152 +0800 +08 m=+0.023250528 UpdatedAt:0001-01-01 00:00:00 +0000 UTC}
2024/11/28 18:27:55 service.go:96: Bookmark successfully created with ID: 3
2024/11/28 18:27:55 service.go:27: CreateBookmark called with URL: https://www.explorra.com/travel?q=japan
2024/11/28 18:27:55 service.go:53: Fetching page content for metadata
2024/11/28 18:27:55 service.go:89: Attempting to create bookmark in repository: &{ID:0 URL:https://www.explorra.com/travel?q=japan Title:Imported from Text Description: Tags:[] CreatedAt:2024-11-28 18:27:55.245152 +0800 +08 m=+0.023250793 UpdatedAt:0001-01-01 00:00:00 +0000 UTC}
2024/11/28 18:27:55 service.go:96: Bookmark successfully created with ID: 4
2024/11/28 18:27:55 service.go:27: CreateBookmark called with URL: https://www.japan.travel/hk/destinations/kanto/tokyo/
2024/11/28 18:27:55 service.go:53: Fetching page content for metadata
2024/11/28 18:27:55 service.go:89: Attempting to create bookmark in repository: &{ID:0 URL:https://www.japan.travel/hk/destinations/kanto/tokyo/ Title:Imported from Text Description: Tags:[] CreatedAt:2024-11-28 18:27:55.245152 +0800 +08 m=+0.023251047 UpdatedAt:0001-01-01 00:00:00 +0000 UTC}
2024/11/28 18:27:55 service.go:96: Bookmark successfully created with ID: 5
2024/11/28 18:27:55 service.go:96: Bookmark successfully created with ID: 6
2024/11/28 18:27:55 service.go:96: Bookmark successfully created with ID: 7
2024/11/28 18:27:55 service.go:96: Bookmark successfully created with ID: 8
2024/11/28 18:27:55 service.go:96: Bookmark successfully created with ID: 9
2024/11/28 18:27:55 import.go:409: Import summary: 8 records created, 0 errors
2024/11/28 18:27:55 import.go:424: Total records in database after import: 9
2024/11/28 18:27:55 duckdb.go:91: Synced 9 bookmarks to DuckDB
2024/11/28 18:27:55 service.go:27: CreateBookmark called with URL: https://dev.to/
2024/11/28 18:27:55 service.go:89: Attempting to create bookmark in repository: &{ID:0 URL:https://dev.to/ Title:dev Example Description:An dev example Tags:[dev test] CreatedAt:0001-01-01 00:00:00 +0000 UTC UpdatedAt:0001-01-01 00:00:00 +0000 UTC}
2024/11/28 18:27:55 service.go:96: Bookmark successfully created with ID: 1
2024/11/28 18:27:56 purge.go:10: Starting PurgeBookmarks process
2024/11/28 18:27:56 purge.go:38: Successfully purged 1 bookmarks
2024/11/28 18:27:56 import.go:310: Starting ImportFromText process
2024/11/28 18:27:56 import.go:342: Found 16 unique bookmarks to import
2024/11/28 18:27:56 service.go:27: CreateBookmark called with URL: https://developer.apple.com/tutorials/swiftui
2024/11/28 18:27:56 service.go:27: CreateBookmark called with URL: https://developer.apple.com/documentation/swiftui/
2024/11/28 18:27:56 service.go:27: CreateBookmark called with URL: https://developer.apple.com/tutorials/app-dev-training#swiftui-essentials
2024/11/28 18:27:56 service.go:27: CreateBookmark called with URL: https://developer.apple.com/tutorials/app-dev-training/getting-started-with-scrumdinger
2024/11/28 18:27:56 service.go:53: Fetching page content for metadata
2024/11/28 18:27:56 service.go:53: Fetching page content for metadata
2024/11/28 18:27:56 service.go:27: CreateBookmark called with URL: https://developer.apple.com/tutorials/swiftui/building-lists-and-navigation
2024/11/28 18:27:56 service.go:89: Attempting to create bookmark in repository: &{ID:0 URL:https://developer.apple.com/tutorials/app-dev-training/getting-started-with-scrumdinger Title:Imported from Text Description: Tags:[] CreatedAt:2024-11-28 18:27:56.87218 +0800 +08 m=+0.016678296 UpdatedAt:0001-01-01 00:00:00 +0000 UTC}
2024/11/28 18:27:56 service.go:89: Attempting to create bookmark in repository: &{ID:0 URL:https://developer.apple.com/tutorials/swiftui Title:Imported from Text Description: Tags:[] CreatedAt:2024-11-28 18:27:56.872181 +0800 +08 m=+0.016678953 UpdatedAt:0001-01-01 00:00:00 +0000 UTC}
2024/11/28 18:27:56 service.go:53: Fetching page content for metadata
2024/11/28 18:27:56 service.go:89: Attempting to create bookmark in repository: &{ID:0 URL:https://developer.apple.com/tutorials/swiftui/building-lists-and-navigation Title:Imported from Text Description: Tags:[] CreatedAt:2024-11-28 18:27:56.872181 +0800 +08 m=+0.016678655 UpdatedAt:0001-01-01 00:00:00 +0000 UTC}
2024/11/28 18:27:56 service.go:53: Fetching page content for metadata
2024/11/28 18:27:56 service.go:89: Attempting to create bookmark in repository: &{ID:0 URL:https://developer.apple.com/documentation/swiftui/ Title:Imported from Text Description: Tags:[] CreatedAt:2024-11-28 18:27:56.87218 +0800 +08 m=+0.016677927 UpdatedAt:0001-01-01 00:00:00 +0000 UTC}
2024/11/28 18:27:56 service.go:53: Fetching page content for metadata
2024/11/28 18:27:56 service.go:89: Attempting to create bookmark in repository: &{ID:0 URL:https://developer.apple.com/tutorials/app-dev-training#swiftui-essentials Title:Imported from Text Description: Tags:[] CreatedAt:2024-11-28 18:27:56.872179 +0800 +08 m=+0.016677232 UpdatedAt:0001-01-01 00:00:00 +0000 UTC}
2024/11/28 18:27:56 service.go:96: Bookmark successfully created with ID: 1
2024/11/28 18:27:56 service.go:27: CreateBookmark called with URL: https://developer.apple.com/design/human-interface-guidelines
2024/11/28 18:27:56 service.go:53: Fetching page content for metadata
2024/11/28 18:27:56 service.go:89: Attempting to create bookmark in repository: &{ID:0 URL:https://developer.apple.com/design/human-interface-guidelines Title:Imported from Text Description: Tags:[] CreatedAt:2024-11-28 18:27:56.872181 +0800 +08 m=+0.016679313 UpdatedAt:0001-01-01 00:00:00 +0000 UTC}
2024/11/28 18:27:56 service.go:96: Bookmark successfully created with ID: 2
2024/11/28 18:27:56 service.go:27: CreateBookmark called with URL: https://developer.mozilla.org/zh-CN/docs/Web/API/USB
2024/11/28 18:27:56 service.go:53: Fetching page content for metadata
2024/11/28 18:27:56 service.go:89: Attempting to create bookmark in repository: &{ID:0 URL:https://developer.mozilla.org/zh-CN/docs/Web/API/USB Title:Imported from Text Description: Tags:[] CreatedAt:2024-11-28 18:27:56.872182 +0800 +08 m=+0.016679566 UpdatedAt:0001-01-01 00:00:00 +0000 UTC}
2024/11/28 18:27:56 service.go:96: Bookmark successfully created with ID: 3
2024/11/28 18:27:56 service.go:27: CreateBookmark called with URL: https://developer.mozilla.org/zh-CN/docs/Web/API/Canvas_API/Tutorial
2024/11/28 18:27:56 service.go:53: Fetching page content for metadata
2024/11/28 18:27:56 service.go:89: Attempting to create bookmark in repository: &{ID:0 URL:https://developer.mozilla.org/zh-CN/docs/Web/API/Canvas_API/Tutorial Title:Imported from Text Description: Tags:[] CreatedAt:2024-11-28 18:27:56.872182 +0800 +08 m=+0.016679813 UpdatedAt:0001-01-01 00:00:00 +0000 UTC}
2024/11/28 18:27:56 service.go:96: Bookmark successfully created with ID: 4
2024/11/28 18:27:56 service.go:27: CreateBookmark called with URL: https://developer.mozilla.org/zh-CN/docs/Web/API/WebRTC_API/Simple_RTCDataChannel_sample
2024/11/28 18:27:56 service.go:53: Fetching page content for metadata
2024/11/28 18:27:56 service.go:89: Attempting to create bookmark in repository: &{ID:0 URL:https://developer.mozilla.org/zh-CN/docs/Web/API/WebRTC_API/Simple_RTCDataChannel_sample Title:Imported from Text Description: Tags:[] CreatedAt:2024-11-28 18:27:56.872183 +0800 +08 m=+0.016681196 UpdatedAt:0001-01-01 00:00:00 +0000 UTC}
2024/11/28 18:27:56 service.go:96: Bookmark successfully created with ID: 5
2024/11/28 18:27:56 service.go:27: CreateBookmark called with URL: https://developer.mozilla.org/en-US/docs/Web/API/MediaDevices/getUserMedia
2024/11/28 18:27:56 service.go:53: Fetching page content for metadata
2024/11/28 18:27:56 service.go:89: Attempting to create bookmark in repository: &{ID:0 URL:https://developer.mozilla.org/en-US/docs/Web/API/MediaDevices/getUserMedia Title:Imported from Text Description: Tags:[] CreatedAt:2024-11-28 18:27:56.872184 +0800 +08 m=+0.016681610 UpdatedAt:0001-01-01 00:00:00 +0000 UTC}
2024/11/28 18:27:56 service.go:96: Bookmark successfully created with ID: 6
2024/11/28 18:27:56 service.go:27: CreateBookmark called with URL: https://developer.mozilla.org/en-US/docs/Web/Media/Formats/WebRTC_codecs
2024/11/28 18:27:56 service.go:53: Fetching page content for metadata
2024/11/28 18:27:56 service.go:89: Attempting to create bookmark in repository: &{ID:0 URL:https://developer.mozilla.org/en-US/docs/Web/Media/Formats/WebRTC_codecs Title:Imported from Text Description: Tags:[] CreatedAt:2024-11-28 18:27:56.872184 +0800 +08 m=+0.016681889 UpdatedAt:0001-01-01 00:00:00 +0000 UTC}
2024/11/28 18:27:56 service.go:96: Bookmark successfully created with ID: 7
2024/11/28 18:27:56 service.go:27: CreateBookmark called with URL: https://developer.mozilla.org/zh-CN/docs/Learn/Server-side/Express_Nodejs/Tutorial_local_library_website
2024/11/28 18:27:56 service.go:53: Fetching page content for metadata
2024/11/28 18:27:56 service.go:89: Attempting to create bookmark in repository: &{ID:0 URL:https://developer.mozilla.org/zh-CN/docs/Learn/Server-side/Express_Nodejs/Tutorial_local_library_website Title:Imported from Text Description: Tags:[] CreatedAt:2024-11-28 18:27:56.872184 +0800 +08 m=+0.016682123 UpdatedAt:0001-01-01 00:00:00 +0000 UTC}
2024/11/28 18:27:56 service.go:96: Bookmark successfully created with ID: 8
2024/11/28 18:27:56 service.go:27: CreateBookmark called with URL: https://developer.mozilla.org/zh-CN/docs/Web/CSS/Attribute_selectors
2024/11/28 18:27:56 service.go:96: Bookmark successfully created with ID: 9
2024/11/28 18:27:56 service.go:53: Fetching page content for metadata
2024/11/28 18:27:56 service.go:27: CreateBookmark called with URL: https://developer.mozilla.org/zh-CN/docs/Learn/Tools_and_testing/Client-side_JavaScript_frameworks/React_getting_started
2024/11/28 18:27:56 service.go:89: Attempting to create bookmark in repository: &{ID:0 URL:https://developer.mozilla.org/zh-CN/docs/Web/CSS/Attribute_selectors Title:Imported from Text Description: Tags:[] CreatedAt:2024-11-28 18:27:56.872184 +0800 +08 m=+0.016682344 UpdatedAt:0001-01-01 00:00:00 +0000 UTC}
2024/11/28 18:27:56 service.go:53: Fetching page content for metadata
2024/11/28 18:27:56 service.go:89: Attempting to create bookmark in repository: &{ID:0 URL:https://developer.mozilla.org/zh-CN/docs/Learn/Tools_and_testing/Client-side_JavaScript_frameworks/React_getting_started Title:Imported from Text Description: Tags:[] CreatedAt:2024-11-28 18:27:56.872186 +0800 +08 m=+0.016683465 UpdatedAt:0001-01-01 00:00:00 +0000 UTC}
2024/11/28 18:27:56 service.go:96: Bookmark successfully created with ID: 10
2024/11/28 18:27:56 service.go:27: CreateBookmark called with URL: https://developer.mozilla.org/en-US/docs/Web/JavaScript/Reference/Operators/this
2024/11/28 18:27:56 service.go:53: Fetching page content for metadata
2024/11/28 18:27:56 service.go:89: Attempting to create bookmark in repository: &{ID:0 URL:https://developer.mozilla.org/en-US/docs/Web/JavaScript/Reference/Operators/this Title:Imported from Text Description: Tags:[] CreatedAt:2024-11-28 18:27:56.872186 +0800 +08 m=+0.016683717 UpdatedAt:0001-01-01 00:00:00 +0000 UTC}
2024/11/28 18:27:56 service.go:96: Bookmark successfully created with ID: 11
2024/11/28 18:27:56 service.go:27: CreateBookmark called with URL: https://developer.mozilla.org/en-US/docs/Web/API/Event/target
2024/11/28 18:27:56 service.go:53: Fetching page content for metadata
2024/11/28 18:27:56 service.go:89: Attempting to create bookmark in repository: &{ID:0 URL:https://developer.mozilla.org/en-US/docs/Web/API/Event/target Title:Imported from Text Description: Tags:[] CreatedAt:2024-11-28 18:27:56.872186 +0800 +08 m=+0.016683966 UpdatedAt:0001-01-01 00:00:00 +0000 UTC}
2024/11/28 18:27:56 service.go:96: Bookmark successfully created with ID: 12
2024/11/28 18:27:56 service.go:96: Bookmark successfully created with ID: 13
2024/11/28 18:27:56 service.go:96: Bookmark successfully created with ID: 14
2024/11/28 18:27:56 service.go:96: Bookmark successfully created with ID: 15
2024/11/28 18:27:56 service.go:96: Bookmark successfully created with ID: 16
2024/11/28 18:27:56 import.go:409: Import summary: 16 records created, 0 errors
2024/11/28 18:27:56 import.go:424: Total records in database after import: 16
2024/11/28 18:27:57 import.go:168: Starting ImportFromHTML process
2024/11/28 18:27:57 import.go:174: Read 275 bytes of HTML content
2024/11/28 18:27:57 import.go:181: Successfully parsed HTML content
2024/11/28 18:27:57 import.go:227: Found 1 unique bookmarks to import
2024/11/28 18:27:57 service.go:27: CreateBookmark called with URL: https://dev.to/
2024/11/28 18:27:57 service.go:53: Fetching page content for metadata
2024/11/28 18:27:57 service.go:89: Attempting to create bookmark in repository: &{ID:0 URL:https://dev.to/ Title:Updated dev Example Description: Tags:[] CreatedAt:2024-11-28 18:27:55 +0800 +08 UpdatedAt:0001-01-01 00:00:00 +0000 UTC}
2024/11/28 18:27:57 service.go:96: Bookmark successfully created with ID: 17
2024/11/28 18:27:57 import.go:289: Import summary: 1 records created, 0 errors
2024/11/28 18:27:57 import.go:304: Total records in database after import: 17
2024/11/28 18:27:57 duckdb.go:91: Synced 17 bookmarks to DuckDB
